build/app/outputs/mapping/release/seeds.txt
com.example.shreddit.MainActivity: MainActivity()
com.example.shreddit.MainActivity
...
com.dexterous.flutterlocalnotifications.models.IconSource: com.dexterous.flutterlocalnotifications.models.IconSource BitmapFilePath
com.dexterous.flutterlocalnotifications.FlutterLocalNotificationsPlugin: java.lang.String CANCEL_TAG
com.google.android.gms.internal.firebase-auth-api.zzjf: com.google.android.gms.internal.firebase-auth-api.zzji zzf
androidx.window.layout.WindowMetricsCalculator$Companion$decorator$1
com.dexterous.flutterlocalnotifications.FlutterLocalNotificationsPlugin: java.lang.String CANCEL_ID
com.dexterous.flutterlocalnotifications.FlutterLocalNotificationsPlugin: void initAndroidThreeTen(android.content.Context)
android.support.v4.media.MediaBrowserCompat$ItemReceiver
kotlinx.coroutines.scheduling.CoroutineScheduler$Worker: int workerCtl
com.google.android.gms.internal.firebase-auth-api.zzen
kotlinx.coroutines.internal.LockFreeTaskQueue: java.lang.Object _cur
com.google.android.gms.internal.measurement.zzel: com.google.android.gms.internal.measurement.zzel zza
kotlinx.coroutines.CompletedExceptionally
com.google.android.gms.internal.measurement.zzfs: com.google.android.gms.internal.measurement.zzfs zza
com.google.firebase.firestore.core.FieldFilter$Operator: com.google.firebase.firestore.core.FieldFilter$Operator[] values()
androidx.window.layout.SidecarWindowBackend: androidx.window.layout.SidecarWindowBackend globalInstance
androidx.legacy.content.WakefulBroadcastReceiver: WakefulBroadcastReceiver()
androidx.core.content.ContextCompat$Api24Impl: boolean isDeviceProtectedStorage(android.content.Context)
com.google.android.gms.internal.measurement.zzej: boolean zzl
androidx.window.R$attr: int splitMinSmallestWidth
io.flutter.plugins.firebase.messaging.FlutterFirebaseAppRegistrar: java.util.List getComponents()
com.dexterous.flutterlocalnotifications.FlutterLocalNotificationsPlugin: java.lang.String STOP_FOREGROUND_SERVICE
androidx.window.layout.WindowMetricsCalculator$Companion$decorator$1: WindowMetricsCalculator$Companion$decorator$1()
org.threeten.bp.zone.ZoneOffsetTransitionRule: java.lang.Object writeReplace()
com.dexterous.flutterlocalnotifications.models.MessageDetails: java.lang.String dataUri
io.flutter.embedding.engine.systemchannels.PlatformChannel$HapticFeedbackType: io.flutter.embedding.engine.systemchannels.PlatformChannel$HapticFeedbackType[] values()
androidx.window.layout.ExtensionWindowLayoutInfoBackend$MulticastConsumer: void removeListener(androidx.core.util.Consumer)
io.flutter.embedding.android.DrawableSplashScreen$DrawableSplashScreenView
com.google.android.gms.internal.measurement.zzej: boolean zzm
com.dexterous.flutterlocalnotifications.FlutterLocalNotificationsPlugin: void show(io.flutter.plugin.common.MethodCall,io.flutter.plugin.common.MethodChannel$Result)
androidx.media.AudioAttributesImplBase: AudioAttributesImplBase()
com.google.protobuf.Any: int TYPE_URL_FIELD_NUMBER
com.google.firestore.v1.StructuredQuery$Filter
com.google.android.gms.internal.firebase-auth-api.zzwh: android.os.Parcelable$Creator CREATOR
com.google.android.gms.measurement.internal.AppMeasurementDynamiteService: void setConsentThirdParty(android.os.Bundle,long)
com.dexterous.flutterlocalnotifications.FlutterLocalNotificationsPlugin: java.lang.String GET_NOTIFICATION_CHANNELS_ERROR_CODE
com.google.firestore.v1.Write: int operationCase_
com.dexterous.flutterlocalnotifications.models.NotificationDetails: java.lang.Integer ledColor
com.dexterous.flutterlocalnotifications.models.DateTimeComponents: com.dexterous.flutterlocalnotifications.models.DateTimeComponents DateAndTime
androidx.window.embedding.EmbeddingAdapter: androidx.window.embedding.SplitInfo translate(androidx.window.extensions.embedding.SplitInfo)
com.dexterous.flutterlocalnotifications.FlutterLocalNotificationsPlugin: void onAttachedToEngine(android.content.Context,io.flutter.plugin.common.BinaryMessenger)
androidx.window.embedding.SplitController: SplitController()
androidx.lifecycle.Lifecycle$Event: androidx.lifecycle.Lifecycle$Event ON_RESUME