build/app/outputs/mapping/release/mapping.txt
# compiler: R8
# compiler_version: 2.1.62
# min_api: 19
# pg_map_id: f82e247
# common_typos_disable
...
kotlin.ranges.IntProgression -> i.z.a:
    int last -> n
    kotlin.ranges.IntProgression$Companion Companion -> p
    int step -> o
    int first -> m
    int getFirst() -> b
    int getLast() -> e
    int getStep() -> f
    kotlin.collections.IntIterator iterator() -> g
kotlin.ranges.IntProgression$Companion -> i.z.a$a:
    kotlin.ranges.IntProgression fromClosedRange(int,int,int) -> a
kotlin.ranges.IntProgressionIterator -> i.z.b:
    int finalElement -> n
    boolean hasNext -> o
    int step -> m
    int next -> p
    int nextInt() -> b
kotlin.ranges.IntRange -> i.z.c:
    kotlin.ranges.IntRange EMPTY -> r
    kotlin.ranges.IntRange$Companion Companion -> q
    kotlin.ranges.IntRange access$getEMPTY$cp() -> i
    java.lang.Integer getEndInclusive() -> j
    java.lang.Integer getStart() -> m
kotlin.ranges.IntRange$Companion -> i.z.c$a:
    kotlin.ranges.IntRange getEMPTY() -> a
kotlin.ranges.RangesKt -> i.z.d:
    int coerceAtLeast(int,int) -> a
    long coerceAtLeast(long,long) -> b
    int coerceAtMost(int,int) -> c
    long coerceAtMost(long,long) -> d
    int coerceIn(int,int,int) -> e
    kotlin.ranges.IntProgression downTo(int,int) -> f
    kotlin.ranges.IntRange until(int,int) -> g
kotlin.ranges.RangesKt__RangesKt -> i.z.e:
kotlin.ranges.RangesKt___RangesKt -> i.z.f:
    int coerceAtLeast(int,int) -> a
    long coerceAtLeast(long,long) -> b
    int coerceAtMost(int,int) -> c
    long coerceAtMost(long,long) -> d
    int coerceIn(int,int,int) -> e
    kotlin.ranges.IntProgression downTo(int,int) -> f
    kotlin.ranges.IntRange until(int,int) -> g
kotlin.reflect.KAnnotatedElement -> i.a0.a:
kotlin.reflect.KCallable -> i.a0.b:
kotlin.reflect.KClass -> i.a0.c:
    java.lang.String getSimpleName() -> a
kotlin.reflect.KDeclarationContainer -> i.a0.d:
kotlin.reflect.KFunction -> i.a0.e:
kotlin.reflect.KType -> i.a0.f:
kotlin.reflect.KVisibility -> i.a0.g:
    kotlin.reflect.KVisibility PRIVATE -> p
    kotlin.reflect.KVisibility[] $VALUES -> q
    kotlin.reflect.KVisibility PUBLIC -> m
    kotlin.reflect.KVisibility PROTECTED -> n
    kotlin.reflect.KVisibility INTERNAL -> o
    kotlin.reflect.KVisibility[] $values() -> b
kotlin.sequences.ConstrainedOnceSequence -> i.b0.a:
    java.util.concurrent.atomic.AtomicReference sequenceRef -> a
kotlin.sequences.Sequence -> i.b0.b:
kotlin.sequences.SequencesKt -> i.b0.c:
    kotlin.sequences.Sequence asSequence(java.util.Iterator) -> a
    kotlin.sequences.Sequence map(kotlin.sequences.Sequence,kotlin.jvm.functions.Function1) -> c
    java.util.List toList(kotlin.sequences.Sequence) -> e
kotlin.sequences.SequencesKt__SequenceBuilderKt -> i.b0.d:
kotlin.sequences.SequencesKt__SequencesJVMKt -> i.b0.e:
kotlin.sequences.SequencesKt__SequencesKt -> i.b0.f:
    kotlin.sequences.Sequence asSequence(java.util.Iterator) -> a
    kotlin.sequences.Sequence constrainOnce(kotlin.sequences.Sequence) -> b
kotlin.sequences.SequencesKt__SequencesKt$asSequence$$inlined$Sequence$1 -> i.b0.f$a:
    java.util.Iterator $this_asSequence$inlined -> a
kotlin.sequences.SequencesKt___SequencesJvmKt -> i.b0.g:
kotlin.sequences.SequencesKt___SequencesKt -> i.b0.h:
    kotlin.sequences.Sequence map(kotlin.sequences.Sequence,kotlin.jvm.functions.Function1) -> c
    java.util.Collection toCollection(kotlin.sequences.Sequence,java.util.Collection) -> d
    java.util.List toList(kotlin.sequences.Sequence) -> e
    java.util.List toMutableList(kotlin.sequences.Sequence) -> f
kotlin.sequences.TransformingSequence -> i.b0.i:
    kotlin.sequences.Sequence sequence -> a
    kotlin.jvm.functions.Function1 transformer -> b
    kotlin.sequences.Sequence access$getSequence$p(kotlin.sequences.TransformingSequence) -> a
    kotlin.jvm.functions.Function1 access$getTransformer$p(kotlin.sequences.TransformingSequence) -> b
kotlin.sequences.TransformingSequence$iterator$1 -> i.b0.i$a:
    java.util.Iterator iterator -> m
    kotlin.sequences.TransformingSequence this$0 -> n