build/app/outputs/mapping/release/usage.txt
com.example.shreddit.R$style
com.example.shreddit.BuildConfig
com.example.shreddit.R$integer
com.example.shreddit.R$attr
com.example.shreddit.R$color
com.example.shreddit.R$layout
com.example.shreddit.R
com.example.shreddit.R$dimen
com.example.shreddit.R$drawable
com.example.shreddit.R$xml
com.example.shreddit.R$id
com.example.shreddit.R$mipmap
com.example.shreddit.R$string
com.example.shreddit.R$styleable
...
com.google.common.collect.Sets$2$1
kotlin.jvm.internal.TypeReference$WhenMappings
androidx.media.MediaBrowserServiceCompat$ServiceBinderImpl$4
com.google.common.collect.Tables$AbstractCell
kotlin.text.CharsKt__CharKt:
    public static final int digitToInt(char)
    public static final int digitToInt(char,int)
    public static final java.lang.Integer digitToIntOrNull(char)
    public static final java.lang.Integer digitToIntOrNull(char,int)
    public static final char digitToChar(int)
    public static final char digitToChar(int,int)
    public static final java.lang.String titlecase(char)
    private static final java.lang.String plus(char,java.lang.String)
    public static synthetic boolean equals$default(char,char,boolean,int,java.lang.Object)
    public static final boolean isSurrogate(char)
    public void <init>()
com.squareup.okhttp.internal.http.Http1xStream$1
com.google.protobuf.DescriptorProtos$FileDescriptorProto
com.google.common.primitives.UnsignedLongs$LexicographicalComparator
com.google.android.datatransport.runtime.dagger.internal.MapFactory
com.google.common.io.CharSource
androidx.core.app.ActivityCompat$1
com.google.firebase.firestore.local.QueryEngine:
    private static final java.lang.String LOG_TAG
com.google.common.collect.Tables$1
com.google.android.gms.common.GoogleApiAvailabilityLight:
    public int getClientVersion(android.content.Context)
    public android.content.Intent getErrorResolutionIntent(int)
    public void cancelAvailabilityErrorNotifications(android.content.Context)
    public boolean isPlayServicesPossiblyUpdating(android.content.Context,int)
    public boolean isPlayStorePossiblyUpdating(android.content.Context,int)
    public boolean isUninstalledAppPossiblyUpdating(android.content.Context,java.lang.String)
    public static final java.lang.String GOOGLE_PLAY_SERVICES_PACKAGE
    public static final java.lang.String GOOGLE_PLAY_STORE_PACKAGE
    static final java.lang.String TRACKING_SOURCE_DIALOG
    static final java.lang.String TRACKING_SOURCE_NOTIFICATION
okio.DeflaterSink
io.grpc.MethodDescriptor$PrototypeMarshaller
kotlinx.coroutines.TimeoutCancellationException:
    public void <init>(java.lang.String,kotlinx.coroutines.Job)
    public void <init>(java.lang.String)
    public kotlinx.coroutines.TimeoutCancellationException createCopy()
    public synthetic bridge java.lang.Throwable createCopy()
    public final kotlinx.coroutines.Job coroutine
kotlin.ULongArrayKt
io.grpc.stub.ClientCallStreamObserver
androidx.core.view.ViewPropertyAnimatorCompat$1
com.google.rpc.QuotaFailure
androidx.core.app.NotificationCompat$BigPictureStyle$Api23Impl:
    private void <init>()